<?xml version="1.0" encoding="UTF-8"?>
<!-- Generated by org.testng.reporters.JUnitReportReporter -->
<testsuite skipped="0" hostname="INLN56587850A" name="com.testcases.GuruAddCustomer" tests="1" failures="0" timestamp="04 Sep 2018 06:11:25 GMT" time="16.532" errors="0">
  <testcase name="runner" time="16.532" classname="com.testcases.GuruAddCustomer"/>
</testsuite> <!-- com.testcases.GuruAddCustomer -->
